d:\om_workspace\objectarx\exercise2\exercise2\exercise2\x64\debug\exercise2.pch
d:\om_workspace\objectarx\exercise2\exercise2\exercise2\x64\debug\vc143.pdb
d:\om_workspace\objectarx\exercise2\exercise2\exercise2\x64\debug\vc143.idb
d:\om_workspace\objectarx\exercise2\exercise2\exercise2\x64\debug\pch.obj
d:\om_workspace\objectarx\exercise2\exercise2\exercise2\x64\debug\dllmain.obj
d:\om_workspace\objectarx\exercise2\exercise2\exercise2\x64\debug\exercise2.obj
d:\om_workspace\objectarx\exercise2\exercise2\x64\debug\exercise2
d:\om_workspace\objectarx\exercise2\exercise2\x64\debug\exercise2.pdb
d:\om_workspace\objectarx\exercise2\exercise2\exercise2\x64\debug\exercise2.res
d:\om_workspace\objectarx\exercise2\exercise2\x64\debug\exercise2.lib
d:\om_workspace\objectarx\exercise2\exercise2\x64\debug\exercise2.exp
d:\om_workspace\objectarx\exercise2\exercise2\exercise2\x64\debug\exercise2.ilk
d:\om_workspace\objectarx\exercise2\exercise2\exercise2\x64\debug\exercise2.tlog\cl.command.1.tlog
d:\om_workspace\objectarx\exercise2\exercise2\exercise2\x64\debug\exercise2.tlog\cl.items.tlog
d:\om_workspace\objectarx\exercise2\exercise2\exercise2\x64\debug\exercise2.tlog\cl.read.1.tlog
d:\om_workspace\objectarx\exercise2\exercise2\exercise2\x64\debug\exercise2.tlog\cl.write.1.tlog
d:\om_workspace\objectarx\exercise2\exercise2\exercise2\x64\debug\exercise2.tlog\link.command.1.tlog
d:\om_workspace\objectarx\exercise2\exercise2\exercise2\x64\debug\exercise2.tlog\link.read.1.tlog
d:\om_workspace\objectarx\exercise2\exercise2\exercise2\x64\debug\exercise2.tlog\link.secondary.1.tlog
d:\om_workspace\objectarx\exercise2\exercise2\exercise2\x64\debug\exercise2.tlog\link.write.1.tlog
d:\om_workspace\objectarx\exercise2\exercise2\exercise2\x64\debug\exercise2.tlog\rc.command.1.tlog
d:\om_workspace\objectarx\exercise2\exercise2\exercise2\x64\debug\exercise2.tlog\rc.read.1.tlog
d:\om_workspace\objectarx\exercise2\exercise2\exercise2\x64\debug\exercise2.tlog\rc.write.1.tlog
