d:\om_workspace\objectarx\exercise4\exercise4\exercise4\x64\debug\exercise4.pch
d:\om_workspace\objectarx\exercise4\exercise4\exercise4\x64\debug\vc143.pdb
d:\om_workspace\objectarx\exercise4\exercise4\exercise4\x64\debug\vc143.idb
d:\om_workspace\objectarx\exercise4\exercise4\exercise4\x64\debug\pch.obj
d:\om_workspace\objectarx\exercise4\exercise4\exercise4\x64\debug\dllmain.obj
d:\om_workspace\objectarx\exercise4\exercise4\exercise4\x64\debug\exercise4.obj
d:\om_workspace\objectarx\exercise4\exercise4\x64\debug\exercise4.arx
d:\om_workspace\objectarx\exercise4\exercise4\x64\debug\exercise4.pdb
d:\om_workspace\objectarx\exercise4\exercise4\exercise4\x64\debug\exercise4.res
d:\om_workspace\objectarx\exercise4\exercise4\x64\debug\exercise4.lib
d:\om_workspace\objectarx\exercise4\exercise4\x64\debug\exercise4.exp
d:\om_workspace\objectarx\exercise4\exercise4\exercise4\x64\debug\exercise4.ilk
d:\om_workspace\objectarx\exercise4\exercise4\exercise4\x64\debug\exercise4.tlog\cl.command.1.tlog
d:\om_workspace\objectarx\exercise4\exercise4\exercise4\x64\debug\exercise4.tlog\cl.items.tlog
d:\om_workspace\objectarx\exercise4\exercise4\exercise4\x64\debug\exercise4.tlog\cl.read.1.tlog
d:\om_workspace\objectarx\exercise4\exercise4\exercise4\x64\debug\exercise4.tlog\cl.write.1.tlog
d:\om_workspace\objectarx\exercise4\exercise4\exercise4\x64\debug\exercise4.tlog\link.command.1.tlog
d:\om_workspace\objectarx\exercise4\exercise4\exercise4\x64\debug\exercise4.tlog\link.read.1.tlog
d:\om_workspace\objectarx\exercise4\exercise4\exercise4\x64\debug\exercise4.tlog\link.secondary.1.tlog
d:\om_workspace\objectarx\exercise4\exercise4\exercise4\x64\debug\exercise4.tlog\link.write.1.tlog
d:\om_workspace\objectarx\exercise4\exercise4\exercise4\x64\debug\exercise4.tlog\rc.command.1.tlog
d:\om_workspace\objectarx\exercise4\exercise4\exercise4\x64\debug\exercise4.tlog\rc.read.1.tlog
d:\om_workspace\objectarx\exercise4\exercise4\exercise4\x64\debug\exercise4.tlog\rc.write.1.tlog
