d:\om_workspace\objectarx\exercise3\exercise3\exercise3\x64\debug\exercise3.pch
d:\om_workspace\objectarx\exercise3\exercise3\exercise3\x64\debug\vc143.pdb
d:\om_workspace\objectarx\exercise3\exercise3\exercise3\x64\debug\vc143.idb
d:\om_workspace\objectarx\exercise3\exercise3\exercise3\x64\debug\pch.obj
d:\om_workspace\objectarx\exercise3\exercise3\exercise3\x64\debug\dllmain.obj
d:\om_workspace\objectarx\exercise3\exercise3\exercise3\x64\debug\exercise3.obj
d:\om_workspace\objectarx\exercise3\exercise3\x64\debug\exercise3.arx
d:\om_workspace\objectarx\exercise3\exercise3\x64\debug\exercise3.pdb
d:\om_workspace\objectarx\exercise3\exercise3\exercise3\x64\debug\exercise3.res
d:\om_workspace\objectarx\exercise3\exercise3\x64\debug\exercise3.lib
d:\om_workspace\objectarx\exercise3\exercise3\x64\debug\exercise3.exp
d:\om_workspace\objectarx\exercise3\exercise3\exercise3\x64\debug\exercise3.ilk
d:\om_workspace\objectarx\exercise3\exercise3\exercise3\x64\debug\exercise3.tlog\cl.command.1.tlog
d:\om_workspace\objectarx\exercise3\exercise3\exercise3\x64\debug\exercise3.tlog\cl.items.tlog
d:\om_workspace\objectarx\exercise3\exercise3\exercise3\x64\debug\exercise3.tlog\cl.read.1.tlog
d:\om_workspace\objectarx\exercise3\exercise3\exercise3\x64\debug\exercise3.tlog\cl.write.1.tlog
d:\om_workspace\objectarx\exercise3\exercise3\exercise3\x64\debug\exercise3.tlog\link.command.1.tlog
d:\om_workspace\objectarx\exercise3\exercise3\exercise3\x64\debug\exercise3.tlog\link.read.1.tlog
d:\om_workspace\objectarx\exercise3\exercise3\exercise3\x64\debug\exercise3.tlog\link.secondary.1.tlog
d:\om_workspace\objectarx\exercise3\exercise3\exercise3\x64\debug\exercise3.tlog\link.write.1.tlog
d:\om_workspace\objectarx\exercise3\exercise3\exercise3\x64\debug\exercise3.tlog\rc.command.1.tlog
d:\om_workspace\objectarx\exercise3\exercise3\exercise3\x64\debug\exercise3.tlog\rc.read.1.tlog
d:\om_workspace\objectarx\exercise3\exercise3\exercise3\x64\debug\exercise3.tlog\rc.write.1.tlog
