d:\om_workspace\objectarx\exercise7\exercise7\x64\debug\exercise7.pch
d:\om_workspace\objectarx\exercise7\exercise7\x64\debug\vc143.pdb
d:\om_workspace\objectarx\exercise7\exercise7\x64\debug\vc143.idb
d:\om_workspace\objectarx\exercise7\exercise7\x64\debug\pch.obj
d:\om_workspace\objectarx\exercise7\exercise7\x64\debug\dllmain.obj
d:\om_workspace\objectarx\exercise7\exercise7\x64\debug\exercise7.obj
d:\om_workspace\objectarx\exercise7\x64\debug\exercise7.arx
d:\om_workspace\objectarx\exercise7\x64\debug\exercise7.pdb
d:\om_workspace\objectarx\exercise7\exercise7\x64\debug\exercise7.res
d:\om_workspace\objectarx\exercise7\x64\debug\exercise7.lib
d:\om_workspace\objectarx\exercise7\x64\debug\exercise7.exp
d:\om_workspace\objectarx\exercise7\exercise7\x64\debug\exercise7.ilk
d:\om_workspace\objectarx\exercise7\exercise7\x64\debug\exercise7.tlog\cl.command.1.tlog
d:\om_workspace\objectarx\exercise7\exercise7\x64\debug\exercise7.tlog\cl.items.tlog
d:\om_workspace\objectarx\exercise7\exercise7\x64\debug\exercise7.tlog\cl.read.1.tlog
d:\om_workspace\objectarx\exercise7\exercise7\x64\debug\exercise7.tlog\cl.write.1.tlog
d:\om_workspace\objectarx\exercise7\exercise7\x64\debug\exercise7.tlog\link.command.1.tlog
d:\om_workspace\objectarx\exercise7\exercise7\x64\debug\exercise7.tlog\link.read.1.tlog
d:\om_workspace\objectarx\exercise7\exercise7\x64\debug\exercise7.tlog\link.secondary.1.tlog
d:\om_workspace\objectarx\exercise7\exercise7\x64\debug\exercise7.tlog\link.write.1.tlog
d:\om_workspace\objectarx\exercise7\exercise7\x64\debug\exercise7.tlog\rc.command.1.tlog
d:\om_workspace\objectarx\exercise7\exercise7\x64\debug\exercise7.tlog\rc.read.1.tlog
d:\om_workspace\objectarx\exercise7\exercise7\x64\debug\exercise7.tlog\rc.write.1.tlog
